2024-06-26 18:45:54.157 +04:00  INF  Now listening on: https://localhost:7047
2024-06-26 18:45:54.180 +04:00  INF  Now listening on: http://localhost:5182
2024-06-26 18:45:54.183 +04:00  INF  Application started. Press Ctrl+C to shut down.
2024-06-26 18:45:54.183 +04:00  INF  Hosting environment: Development
2024-06-26 18:45:54.183 +04:00  INF  Content root path: C:\Users\Rashad\OneDrive\Desktop\PB101\code\Githuba qoyulanlar\ASP.CORE-API\API-Architecture\API-Architecture\API-Architecture\
2024-06-26 18:45:54.430 +04:00  INF  Request starting HTTP/2 GET https://localhost:7047/swagger/index.html - -
2024-06-26 18:45:54.647 +04:00  INF  Request finished HTTP/2 GET https://localhost:7047/swagger/index.html - - - 200 - text/html;charset=utf-8 218.9608ms
2024-06-26 18:45:54.652 +04:00  INF  Request starting HTTP/2 GET https://localhost:7047/_framework/aspnetcore-browser-refresh.js - -
2024-06-26 18:45:54.654 +04:00  INF  Request finished HTTP/2 GET https://localhost:7047/_framework/aspnetcore-browser-refresh.js - - - 200 12002 application/javascript;+charset=utf-8 2.0567ms
2024-06-26 18:45:54.659 +04:00  INF  Request starting HTTP/2 GET https://localhost:7047/_vs/browserLink - -
2024-06-26 18:45:54.713 +04:00  INF  Request finished HTTP/2 GET https://localhost:7047/_vs/browserLink - - - 200 - text/javascript;+charset=UTF-8 54.4332ms
2024-06-26 18:45:54.770 +04:00  INF  Request starting HTTP/2 GET https://localhost:7047/swagger/v1/swagger.json - -
2024-06-26 18:45:54.835 +04:00  INF  Request starting HTTP/2 GET https://localhost:7047/swagger/index.html - -
2024-06-26 18:45:54.836 +04:00  INF  Request finished HTTP/2 GET https://localhost:7047/swagger/index.html - - - 200 - text/html;charset=utf-8 1.2570ms
2024-06-26 18:45:54.850 +04:00  INF  Request finished HTTP/2 GET https://localhost:7047/swagger/v1/swagger.json - - - 200 - application/json;charset=utf-8 80.1368ms
2024-06-26 18:46:08.124 +04:00  INF  Request starting HTTP/2 POST https://localhost:7047/api/admin/City/Create application/json 59
2024-06-26 18:46:08.130 +04:00  INF  Executing endpoint 'API_Architecture.Controllers.Admin.CityController.Create (API-Architecture)'
2024-06-26 18:46:08.153 +04:00  INF  Route matched with {action = "Create", controller = "City"}. Executing controller action with signature System.Threading.Tasks.Task`1[Microsoft.AspNetCore.Mvc.IActionResult] Create(Service.DTOs.Admin.Cities.CityCreateDto) on controller API_Architecture.Controllers.Admin.CityController (API-Architecture).
2024-06-26 18:46:09.117 +04:00  INF  Entity Framework Core 6.0.31 initialized 'AppDbContext' using provider 'Microsoft.EntityFrameworkCore.SqlServer:6.0.31' with options: None
2024-06-26 18:46:10.085 +04:00  INF  Executed DbCommand (42ms) [Parameters=[@__id_0='?' (DbType = Int32)], CommandType='"Text"', CommandTimeout='30']
SELECT TOP(1) [c].[Id], [c].[CreatedDate], [c].[Name], [c].[SoftDelete]
FROM [Countries] AS [c]
WHERE [c].[Id] = @__id_0
2024-06-26 18:46:10.103 +04:00  WRN  Country is not found -0-26.06.2024 18:46:10
2024-06-26 18:46:10.109 +04:00  INF  Executed action API_Architecture.Controllers.Admin.CityController.Create (API-Architecture) in 1951.6484ms
2024-06-26 18:46:10.109 +04:00  INF  Executed endpoint 'API_Architecture.Controllers.Admin.CityController.Create (API-Architecture)'
2024-06-26 18:46:10.110 +04:00  ERR  existCountry
2024-06-26 18:46:10.115 +04:00  INF  Request finished HTTP/2 POST https://localhost:7047/api/admin/City/Create application/json 59 - 500 - application/json 1991.2204ms
